Application/build/outputs/logs/manifest-merger-debug-report.txt
-- Merging decision tree log ---
manifest
ADDED from src/main/AndroidManifest.xml:17:1-71:12
	package
		ADDED from src/main/AndroidManifest.xml:18:11-54
		INJECTED from src/main/AndroidManifest.xml
		INJECTED from src/main/AndroidManifest.xml
	android:versionName
		INJECTED from src/main/AndroidManifest.xml
		INJECTED from src/main/AndroidManifest.xml
	xmlns:android
		ADDED from src/main/AndroidManifest.xml:17:11-69
	android:versionCode
		INJECTED from src/main/AndroidManifest.xml
		INJECTED from src/main/AndroidManifest.xml
application
ADDED from src/main/AndroidManifest.xml:20:5-69:19
MERGED from [com.android.support:appcompat-v7:24.0.0-alpha1] AndroidManifest.xml:25:5-20
MERGED from [com.android.support:support-vector-drawable:24.0.0-alpha1] AndroidManifest.xml:23:5-20
MERGED from [com.android.support:support-v4:24.0.0-alpha1] AndroidManifest.xml:22:5-20
MERGED from [com.android.support:animated-vector-drawable:24.0.0-alpha1] AndroidManifest.xml:22:5-20
MERGED from [com.android.support:support-vector-drawable:24.0.0-alpha1] AndroidManifest.xml:23:5-20
MERGED from [com.android.support:support-v4:24.0.0-alpha1] AndroidManifest.xml:22:5-20
MERGED from [com.android.support:support-v4:24.0.0-alpha1] AndroidManifest.xml:22:5-20
	android:label
		ADDED from src/main/AndroidManifest.xml:23:13-45
	android:supportsRtl
		ADDED from src/main/AndroidManifest.xml:24:13-39
	android:allowBackup
		ADDED from src/main/AndroidManifest.xml:21:13-39
	android:icon
		ADDED from src/main/AndroidManifest.xml:22:13-47
	android:theme
		ADDED from src/main/AndroidManifest.xml:25:13-58
activity#com.android.multiwindowplayground.MainActivity
ADDED from src/main/AndroidManifest.xml:29:9-36:20
	android:taskAffinity
		ADDED from src/main/AndroidManifest.xml:31:17-40
	android:name
		ADDED from src/main/AndroidManifest.xml:30:17-78
intent-filter#android.intent.action.MAIN+android.intent.category.LAUNCHER
ADDED from src/main/AndroidManifest.xml:32:13-35:29
action#android.intent.action.MAIN
ADDED from src/main/AndroidManifest.xml:33:17-68
	android:name
		ADDED from src/main/AndroidManifest.xml:33:25-66
category#android.intent.category.LAUNCHER
ADDED from src/main/AndroidManifest.xml:34:17-76
	android:name
		ADDED from src/main/AndroidManifest.xml:34:27-74
activity#com.android.multiwindowplayground.activities.AdjacentActivity
ADDED from src/main/AndroidManifest.xml:48:9-50:42
	android:taskAffinity
		ADDED from src/main/AndroidManifest.xml:50:17-40
	android:name
		ADDED from src/main/AndroidManifest.xml:49:17-93
activity#com.android.multiwindowplayground.activities.CustomConfigurationChangeActivity
ADDED from src/main/AndroidManifest.xml:55:9-59:42
	android:launchMode
		ADDED from src/main/AndroidManifest.xml:58:17-52
	android:configChanges
		ADDED from src/main/AndroidManifest.xml:57:17-95
	android:taskAffinity
		ADDED from src/main/AndroidManifest.xml:59:17-40
	android:name
		ADDED from src/main/AndroidManifest.xml:56:17-110
activity#com.android.multiwindowplayground.activities.BasicActivity
ADDED from src/main/AndroidManifest.xml:62:9-65:42
	android:launchMode
		ADDED from src/main/AndroidManifest.xml:64:17-52
	android:taskAffinity
		ADDED from src/main/AndroidManifest.xml:65:17-40
	android:name
		ADDED from src/main/AndroidManifest.xml:63:17-90
activity#com.android.multiwindowplayground.activities.NotificationsActivity
ADDED from src/main/AndroidManifest.xml:66:9-102
	android:name
		ADDED from src/main/AndroidManifest.xml:66:19-100
activity#com.android.multiwindowplayground.activities.PendingNotificationActionActivity
ADDED from src/main/AndroidManifest.xml:67:9-114
	android:name
		ADDED from src/main/AndroidManifest.xml:67:19-112
uses-sdk
INJECTED from src/main/AndroidManifest.xml reason: use-sdk injection requested
MERGED from [com.android.support:appcompat-v7:24.0.0-alpha1] AndroidManifest.xml:21:5-23:78
MERGED from [com.android.support:support-vector-drawable:24.0.0-alpha1] AndroidManifest.xml:21:5-43
MERGED from [com.android.support:support-v4:24.0.0-alpha1] AndroidManifest.xml:20:5-43
MERGED from [com.android.support:animated-vector-drawable:24.0.0-alpha1] AndroidManifest.xml:20:5-44
MERGED from [com.android.support:support-vector-drawable:24.0.0-alpha1] AndroidManifest.xml:21:5-43
MERGED from [com.android.support:support-v4:24.0.0-alpha1] AndroidManifest.xml:20:5-43
MERGED from [com.android.support:support-v4:24.0.0-alpha1] AndroidManifest.xml:20:5-43
	tools:overrideLibrary
		ADDED from [com.android.support:appcompat-v7:24.0.0-alpha1] AndroidManifest.xml:23:9-75
	android:targetSdkVersion
		INJECTED from src/main/AndroidManifest.xml
		INJECTED from src/main/AndroidManifest.xml
	android:minSdkVersion
		INJECTED from src/main/AndroidManifest.xml
		INJECTED from src/main/AndroidManifest.xml